[ 2026-01-24 17:42:16,158 ] 22 root - INFO - Initiate the data ingestion
[ 2026-01-24 17:42:16,159 ] 99 root - INFO - Starting Data Ingestion...
[ 2026-01-24 17:42:18,010 ] 71 root - INFO - Performed train test split on the dataframe
[ 2026-01-24 17:42:18,011 ] 81 root - INFO - Exporting train and test files.
[ 2026-01-24 17:42:18,055 ] 92 root - INFO - Exported train and test files successfully.
[ 2026-01-24 17:42:18,055 ] 24 root - INFO - Data  Initiation completed
[ 2026-01-24 17:42:18,061 ] 28 root - INFO - Initiate the data validation
[ 2026-01-24 17:42:18,147 ] 32 root - INFO - Required number of columns:2
[ 2026-01-24 17:42:18,149 ] 33 root - INFO - Data frame has columns:31
[ 2026-01-24 17:42:18,149 ] 32 root - INFO - Required number of columns:2
[ 2026-01-24 17:42:18,149 ] 33 root - INFO - Data frame has columns:31
[ 2026-01-24 17:42:18,247 ] 30 root - INFO - data validation done
[ 2026-01-24 17:42:18,248 ] 64 root - INFO - Entered initiate_data_transformation method of DataTransformation class
[ 2026-01-24 17:42:18,248 ] 66 root - INFO - Starting data transformation
[ 2026-01-24 17:42:18,268 ] 49 root - INFO - Entered get_data_trnasformer_object method of Trnasformation class
[ 2026-01-24 17:42:18,268 ] 54 root - INFO - Initialise KNNImputer with {'missing_values': nan, 'n_neighbors': 3, 'weights': 'uniform'}
[ 2026-01-24 17:42:18,284 ] 40 root - INFO - Entered the save_object method of MainUtils class
[ 2026-01-24 17:42:18,286 ] 44 root - INFO - Exited the save_object method of MainUtils class
[ 2026-01-24 17:42:18,286 ] 40 root - INFO - Entered the save_object method of MainUtils class
[ 2026-01-24 17:42:18,290 ] 44 root - INFO - Exited the save_object method of MainUtils class
[ 2026-01-24 17:42:18,292 ] 36 root - INFO - data Transformation done 
