[ 2026-01-24 17:40:27,343 ] 22 root - INFO - Initiate the data ingestion
[ 2026-01-24 17:40:27,343 ] 99 root - INFO - Starting Data Ingestion...
[ 2026-01-24 17:40:29,522 ] 71 root - INFO - Performed train test split on the dataframe
[ 2026-01-24 17:40:29,523 ] 81 root - INFO - Exporting train and test files.
[ 2026-01-24 17:40:29,565 ] 92 root - INFO - Exported train and test files successfully.
[ 2026-01-24 17:40:29,566 ] 24 root - INFO - Data  Initiation completed
[ 2026-01-24 17:40:29,573 ] 28 root - INFO - Initiate the data validation
[ 2026-01-24 17:40:29,655 ] 32 root - INFO - Required number of columns:2
[ 2026-01-24 17:40:29,656 ] 33 root - INFO - Data frame has columns:31
[ 2026-01-24 17:40:29,656 ] 32 root - INFO - Required number of columns:2
[ 2026-01-24 17:40:29,656 ] 33 root - INFO - Data frame has columns:31
[ 2026-01-24 17:40:29,748 ] 30 root - INFO - data validation done
[ 2026-01-24 17:40:29,749 ] 64 root - INFO - Entered initiate_data_transformation method of DataTransformation class
[ 2026-01-24 17:40:29,749 ] 66 root - INFO - Starting data transformation
[ 2026-01-24 17:40:29,774 ] 49 root - INFO - Entered get_data_trnasformer_object method of Trnasformation class
[ 2026-01-24 17:40:29,774 ] 54 root - INFO - Initialise KNNImputer with {'missing_values': nan, 'n_neighbors': 3, 'weights': 'uniform'}
[ 2026-01-24 17:40:29,788 ] 40 root - INFO - Entered the save_object method of MainUtils class
[ 2026-01-24 17:40:29,791 ] 44 root - INFO - Exited the save_object method of MainUtils class
[ 2026-01-24 17:40:29,792 ] 40 root - INFO - Entered the save_object method of MainUtils class
[ 2026-01-24 17:40:29,795 ] 44 root - INFO - Exited the save_object method of MainUtils class
