[ 2026-01-24 17:37:29,243 ] 22 root - INFO - Initiate the data ingestion
[ 2026-01-24 17:37:29,243 ] 99 root - INFO - Starting Data Ingestion...
[ 2026-01-24 17:37:31,234 ] 71 root - INFO - Performed train test split on the dataframe
[ 2026-01-24 17:37:31,235 ] 81 root - INFO - Exporting train and test files.
[ 2026-01-24 17:37:31,275 ] 92 root - INFO - Exported train and test files successfully.
[ 2026-01-24 17:37:31,276 ] 24 root - INFO - Data  Initiation completed
[ 2026-01-24 17:37:31,283 ] 28 root - INFO - Initiate the data validation
[ 2026-01-24 17:37:31,340 ] 32 root - INFO - Required number of columns:2
[ 2026-01-24 17:37:31,340 ] 33 root - INFO - Data frame has columns:31
[ 2026-01-24 17:37:31,340 ] 32 root - INFO - Required number of columns:2
[ 2026-01-24 17:37:31,340 ] 33 root - INFO - Data frame has columns:31
[ 2026-01-24 17:37:31,451 ] 30 root - INFO - data validation done
[ 2026-01-24 17:37:31,452 ] 64 root - INFO - Entered initiate_data_transformation method of DataTransformation class
[ 2026-01-24 17:37:31,452 ] 66 root - INFO - Starting data transformation
[ 2026-01-24 17:37:31,471 ] 49 root - INFO - Entered get_data_trnasformer_object method of Trnasformation class
[ 2026-01-24 17:37:31,471 ] 54 root - INFO - Initialise KNNImputer with {'missing_values': nan, 'n_neighbors': 3, 'weights': 'uniform'}
[ 2026-01-24 17:37:31,483 ] 40 root - INFO - Entered the save_object method of MainUtils class
[ 2026-01-24 17:37:31,486 ] 44 root - INFO - Exited the save_object method of MainUtils class
[ 2026-01-24 17:37:31,486 ] 40 root - INFO - Entered the save_object method of MainUtils class
[ 2026-01-24 17:37:31,489 ] 44 root - INFO - Exited the save_object method of MainUtils class
